0 info it worked if it ends with ok
1 verbose cli [ 'C:\\Program Files (x86)\\Microsoft Visual Studio\\2017\\Enterprise\\Web\\External\\Node.exe',
1 verbose cli   'C:\\Program Files (x86)\\Microsoft Visual Studio\\2017\\Enterprise\\Web\\External\\node_modules\\npm\\bin\\npm-cli.js',
1 verbose cli   'install',
1 verbose cli   '$',
1 verbose cli   'npm',
1 verbose cli   'install',
1 verbose cli   'sweetalert2',
1 verbose cli   '--save-dev' ]
2 info using npm@3.3.4
3 info using node@v5.4.1
4 silly loadCurrentTree Starting
5 silly install loadCurrentTree
6 silly install readLocalPackageData
7 silly fetchPackageMetaData $
8 silly fetchPackageMetaData npm
9 silly fetchPackageMetaData install
10 silly fetchPackageMetaData sweetalert2
11 silly fetchOtherPackageData $
12 silly cache add args [ '$', null ]
13 verbose cache add spec $
14 silly fetchNamedPackageData npm
15 silly mapToRegistry name npm
16 silly mapToRegistry using default registry
17 silly mapToRegistry registry https://registry.npmjs.org/
18 silly mapToRegistry uri https://registry.npmjs.org/npm
19 silly fetchNamedPackageData install
20 silly mapToRegistry name install
21 silly mapToRegistry using default registry
22 silly mapToRegistry registry https://registry.npmjs.org/
23 silly mapToRegistry uri https://registry.npmjs.org/install
24 silly fetchNamedPackageData sweetalert2
25 silly mapToRegistry name sweetalert2
26 silly mapToRegistry using default registry
27 silly mapToRegistry registry https://registry.npmjs.org/
28 silly mapToRegistry uri https://registry.npmjs.org/sweetalert2
29 silly cache add parsed spec Result {
29 silly cache add   raw: '$',
29 silly cache add   scope: null,
29 silly cache add   name: null,
29 silly cache add   rawSpec: '$',
29 silly cache add   spec: 'D:\\VS files\\Hero\'s Tale\\Hero\'s Tale\\$',
29 silly cache add   type: 'local' }
30 verbose request uri https://registry.npmjs.org/npm
31 verbose request no auth needed
32 info attempt registry request try #1 at 11:30:03
33 verbose request id 7a6a031ef63af58e
34 http request GET https://registry.npmjs.org/npm
35 verbose request uri https://registry.npmjs.org/sweetalert2
36 verbose request no auth needed
37 info attempt registry request try #1 at 11:30:03
38 http request GET https://registry.npmjs.org/sweetalert2
39 verbose request uri https://registry.npmjs.org/install
40 verbose request no auth needed
41 info attempt registry request try #1 at 11:30:03
42 http request GET https://registry.npmjs.org/install
43 error addLocal Could not install D:\VS files\Hero's Tale\Hero's Tale\$
44 silly fetchPackageMetaData Error: ENOENT: no such file or directory, open 'D:\VS files\Hero's Tale\Hero's Tale\$'
44 silly fetchPackageMetaData     at Error (native)
44 silly fetchPackageMetaData  error for $ { [Error: ENOENT: no such file or directory, open 'D:\VS files\Hero's Tale\Hero's Tale\$']
44 silly fetchPackageMetaData   errno: -4058,
44 silly fetchPackageMetaData   code: 'ENOENT',
44 silly fetchPackageMetaData   syscall: 'open',
44 silly fetchPackageMetaData   path: 'D:\\VS files\\Hero\'s Tale\\Hero\'s Tale\\$' }
45 http 200 https://registry.npmjs.org/install
46 verbose headers { server: 'nginx/1.10.1',
46 verbose headers   'content-type': 'application/json',
46 verbose headers   'last-modified': 'Tue, 04 Jul 2017 14:31:45 GMT',
46 verbose headers   etag: 'W/"595ba6d1-11a78"',
46 verbose headers   'content-encoding': 'gzip',
46 verbose headers   'cache-control': 'max-age=300',
46 verbose headers   'content-length': '8598',
46 verbose headers   'accept-ranges': 'bytes',
46 verbose headers   date: 'Thu, 26 Oct 2017 09:30:03 GMT',
46 verbose headers   via: '1.1 varnish',
46 verbose headers   age: '267',
46 verbose headers   connection: 'keep-alive',
46 verbose headers   'x-served-by': 'cache-ams4448-AMS',
46 verbose headers   'x-cache': 'HIT',
46 verbose headers   'x-cache-hits': '1',
46 verbose headers   'x-timer': 'S1509010203.263294,VS0,VE0',
46 verbose headers   vary: 'Accept-Encoding, Accept' }
47 silly get cb [ 200,
47 silly get   { server: 'nginx/1.10.1',
47 silly get     'content-type': 'application/json',
47 silly get     'last-modified': 'Tue, 04 Jul 2017 14:31:45 GMT',
47 silly get     etag: 'W/"595ba6d1-11a78"',
47 silly get     'content-encoding': 'gzip',
47 silly get     'cache-control': 'max-age=300',
47 silly get     'content-length': '8598',
47 silly get     'accept-ranges': 'bytes',
47 silly get     date: 'Thu, 26 Oct 2017 09:30:03 GMT',
47 silly get     via: '1.1 varnish',
47 silly get     age: '267',
47 silly get     connection: 'keep-alive',
47 silly get     'x-served-by': 'cache-ams4448-AMS',
47 silly get     'x-cache': 'HIT',
47 silly get     'x-cache-hits': '1',
47 silly get     'x-timer': 'S1509010203.263294,VS0,VE0',
47 silly get     vary: 'Accept-Encoding, Accept' } ]
48 verbose get saving install to C:\Users\sande\AppData\Roaming\npm-cache\registry.npmjs.org\install\.cache.json
49 http 200 https://registry.npmjs.org/npm
50 verbose headers { server: 'nginx/1.10.1',
50 verbose headers   'content-type': 'application/json',
50 verbose headers   'last-modified': 'Fri, 13 Oct 2017 18:58:10 GMT',
50 verbose headers   etag: 'W/"59e10cc2-68b1aa"',
50 verbose headers   'content-encoding': 'gzip',
50 verbose headers   'cache-control': 'max-age=300',
50 verbose headers   'content-length': '606617',
50 verbose headers   'accept-ranges': 'bytes',
50 verbose headers   date: 'Thu, 26 Oct 2017 09:30:03 GMT',
50 verbose headers   via: '1.1 varnish',
50 verbose headers   age: '0',
50 verbose headers   connection: 'keep-alive',
50 verbose headers   'x-served-by': 'cache-ams4447-AMS',
50 verbose headers   'x-cache': 'HIT',
50 verbose headers   'x-cache-hits': '1',
50 verbose headers   'x-timer': 'S1509010203.255942,VS0,VE8',
50 verbose headers   vary: 'Accept-Encoding, Accept' }
51 silly get cb [ 200,
51 silly get   { server: 'nginx/1.10.1',
51 silly get     'content-type': 'application/json',
51 silly get     'last-modified': 'Fri, 13 Oct 2017 18:58:10 GMT',
51 silly get     etag: 'W/"59e10cc2-68b1aa"',
51 silly get     'content-encoding': 'gzip',
51 silly get     'cache-control': 'max-age=300',
51 silly get     'content-length': '606617',
51 silly get     'accept-ranges': 'bytes',
51 silly get     date: 'Thu, 26 Oct 2017 09:30:03 GMT',
51 silly get     via: '1.1 varnish',
51 silly get     age: '0',
51 silly get     connection: 'keep-alive',
51 silly get     'x-served-by': 'cache-ams4447-AMS',
51 silly get     'x-cache': 'HIT',
51 silly get     'x-cache-hits': '1',
51 silly get     'x-timer': 'S1509010203.255942,VS0,VE8',
51 silly get     vary: 'Accept-Encoding, Accept' } ]
52 verbose get saving npm to C:\Users\sande\AppData\Roaming\npm-cache\registry.npmjs.org\npm\.cache.json
53 http 200 https://registry.npmjs.org/sweetalert2
54 verbose headers { server: 'nginx/1.10.1',
54 verbose headers   'content-type': 'application/json',
54 verbose headers   'last-modified': 'Sun, 22 Oct 2017 19:55:54 GMT',
54 verbose headers   etag: 'W/"59ecf7ca-599e7"',
54 verbose headers   'content-encoding': 'gzip',
54 verbose headers   'cache-control': 'max-age=300',
54 verbose headers   'content-length': '29913',
54 verbose headers   'accept-ranges': 'bytes',
54 verbose headers   date: 'Thu, 26 Oct 2017 09:30:03 GMT',
54 verbose headers   via: '1.1 varnish',
54 verbose headers   age: '0',
54 verbose headers   connection: 'keep-alive',
54 verbose headers   'x-served-by': 'cache-ams4145-AMS',
54 verbose headers   'x-cache': 'HIT',
54 verbose headers   'x-cache-hits': '1',
54 verbose headers   'x-timer': 'S1509010203.260231,VS0,VE353',
54 verbose headers   vary: 'Accept-Encoding, Accept' }
55 silly get cb [ 200,
55 silly get   { server: 'nginx/1.10.1',
55 silly get     'content-type': 'application/json',
55 silly get     'last-modified': 'Sun, 22 Oct 2017 19:55:54 GMT',
55 silly get     etag: 'W/"59ecf7ca-599e7"',
55 silly get     'content-encoding': 'gzip',
55 silly get     'cache-control': 'max-age=300',
55 silly get     'content-length': '29913',
55 silly get     'accept-ranges': 'bytes',
55 silly get     date: 'Thu, 26 Oct 2017 09:30:03 GMT',
55 silly get     via: '1.1 varnish',
55 silly get     age: '0',
55 silly get     connection: 'keep-alive',
55 silly get     'x-served-by': 'cache-ams4145-AMS',
55 silly get     'x-cache': 'HIT',
55 silly get     'x-cache-hits': '1',
55 silly get     'x-timer': 'S1509010203.260231,VS0,VE353',
55 silly get     vary: 'Accept-Encoding, Accept' } ]
56 verbose get saving sweetalert2 to C:\Users\sande\AppData\Roaming\npm-cache\registry.npmjs.org\sweetalert2\.cache.json
57 silly rollbackFailedOptional Starting
58 silly rollbackFailedOptional Finishing
59 silly runTopLevelLifecycles Starting
60 silly runTopLevelLifecycles Finishing
61 silly install printInstalled
62 verbose stack Error: ENOENT: no such file or directory, open 'D:\VS files\Hero's Tale\Hero's Tale\$'
62 verbose stack     at Error (native)
63 verbose cwd D:\VS files\Hero's Tale\Hero's Tale
64 error Windows_NT 10.0.15063
65 error argv "C:\\Program Files (x86)\\Microsoft Visual Studio\\2017\\Enterprise\\Web\\External\\Node.exe" "C:\\Program Files (x86)\\Microsoft Visual Studio\\2017\\Enterprise\\Web\\External\\node_modules\\npm\\bin\\npm-cli.js" "install" "$" "npm" "install" "sweetalert2" "--save-dev"
66 error node v5.4.1
67 error npm  v3.3.4
68 error path D:\VS files\Hero's Tale\Hero's Tale\$
69 error code ENOENT
70 error errno -4058
71 error syscall open
72 error enoent ENOENT: no such file or directory, open 'D:\VS files\Hero's Tale\Hero's Tale\$'
72 error enoent This is most likely not a problem with npm itself
72 error enoent and is related to npm not being able to find a file.
73 verbose exit [ -4058, true ]
